{"/home/aguel/service-api/common/global.ts": {"path":"/home/aguel/service-api/common/global.ts","statementMap":{"0":{"start":{"line":1,"column":0},"end":{"line":1,"column":13}},"1":{"start":{"line":2,"column":11},"end":{"line":2,"column":null}},"2":{"start":{"line":3,"column":11},"end":{"line":3,"column":null}},"3":{"start":{"line":5,"column":11},"end":{"line":5,"column":null}},"4":{"start":{"line":6,"column":11},"end":{"line":6,"column":null}},"5":{"start":{"line":7,"column":11},"end":{"line":7,"column":null}},"6":{"start":{"line":9,"column":11},"end":{"line":9,"column":null}},"7":{"start":{"line":10,"column":11},"end":{"line":10,"column":null}}},"fnMap":{},"branchMap":{},"s":{"0":1,"1":1,"2":1,"3":1,"4":1,"5":1,"6":1,"7":1},"f":{},"b":{}}
,"/home/aguel/service-api/common/helper.ts": {"path":"/home/aguel/service-api/common/helper.ts","statementMap":{"0":{"start":{"line":1,"column":0},"end":{"line":1,"column":52}},"1":{"start":{"line":7,"column":24},"end":{"line":7,"column":42}},"2":{"start":{"line":8,"column":7},"end":{"line":8,"column":null}},"3":{"start":{"line":9,"column":7},"end":{"line":9,"column":null}},"4":{"start":{"line":10,"column":7},"end":{"line":10,"column":null}},"5":{"start":{"line":2,"column":0},"end":{"line":2,"column":13}},"6":{"start":{"line":3,"column":28},"end":{"line":3,"column":null}},"7":{"start":{"line":4,"column":28},"end":{"line":4,"column":null}}},"fnMap":{"0":{"name":"(anonymous_0)","decl":{"start":{"line":6,"column":4},"end":{"line":6,"column":10}},"loc":{"start":{"line":6,"column":19},"end":{"line":11,"column":5}}}},"branchMap":{},"s":{"0":1,"1":1,"2":1,"3":1,"4":1,"5":1,"6":1,"7":1},"f":{"0":1},"b":{}}
,"/home/aguel/service-api/common/logger.ts": {"path":"/home/aguel/service-api/common/logger.ts","statementMap":{"0":{"start":{"line":5,"column":8},"end":{"line":5,"column":null}},"1":{"start":{"line":6,"column":8},"end":{"line":6,"column":null}},"2":{"start":{"line":7,"column":8},"end":{"line":7,"column":null}},"3":{"start":{"line":8,"column":8},"end":{"line":8,"column":null}},"4":{"start":{"line":9,"column":8},"end":{"line":9,"column":null}},"5":{"start":{"line":10,"column":8},"end":{"line":10,"column":null}},"6":{"start":{"line":11,"column":8},"end":{"line":11,"column":null}},"7":{"start":{"line":12,"column":8},"end":{"line":12,"column":null}},"8":{"start":{"line":16,"column":8},"end":{"line":16,"column":null}},"9":{"start":{"line":20,"column":8},"end":{"line":20,"column":null}},"10":{"start":{"line":24,"column":8},"end":{"line":24,"column":null}},"11":{"start":{"line":28,"column":8},"end":{"line":28,"column":null}},"12":{"start":{"line":29,"column":8},"end":{"line":29,"column":null}},"13":{"start":{"line":1,"column":0},"end":{"line":1,"column":13}},"14":{"start":{"line":2,"column":19},"end":{"line":2,"column":null}}},"fnMap":{"0":{"name":"(anonymous_0)","decl":{"start":{"line":4,"column":4},"end":{"line":4,"column":10}},"loc":{"start":{"line":4,"column":50},"end":{"line":13,"column":5}}},"1":{"name":"(anonymous_1)","decl":{"start":{"line":15,"column":4},"end":{"line":15,"column":10}},"loc":{"start":{"line":15,"column":28},"end":{"line":17,"column":5}}},"2":{"name":"(anonymous_2)","decl":{"start":{"line":19,"column":4},"end":{"line":19,"column":10}},"loc":{"start":{"line":19,"column":31},"end":{"line":21,"column":5}}},"3":{"name":"(anonymous_3)","decl":{"start":{"line":23,"column":4},"end":{"line":23,"column":10}},"loc":{"start":{"line":23,"column":29},"end":{"line":25,"column":5}}},"4":{"name":"(anonymous_4)","decl":{"start":{"line":27,"column":4},"end":{"line":27,"column":10}},"loc":{"start":{"line":27,"column":24},"end":{"line":30,"column":5}}}},"branchMap":{},"s":{"0":1,"1":1,"2":1,"3":1,"4":1,"5":1,"6":1,"7":1,"8":0,"9":1,"10":0,"11":1,"12":1,"13":1,"14":1},"f":{"0":1,"1":0,"2":1,"3":0,"4":1},"b":{}}
,"/home/aguel/service-api/model/ResponseData.ts": {"path":"/home/aguel/service-api/model/ResponseData.ts","statementMap":{"0":{"start":{"line":8,"column":6},"end":{"line":8,"column":null}},"1":{"start":{"line":9,"column":6},"end":{"line":9,"column":null}},"2":{"start":{"line":10,"column":6},"end":{"line":10,"column":null}},"3":{"start":{"line":11,"column":6},"end":{"line":11,"column":null}},"4":{"start":{"line":1,"column":0},"end":{"line":1,"column":13}}},"fnMap":{"0":{"name":"(anonymous_0)","decl":{"start":{"line":7,"column":4},"end":{"line":7,"column":null}},"loc":{"start":{"line":7,"column":4},"end":{"line":12,"column":5}}}},"branchMap":{},"s":{"0":1,"1":1,"2":1,"3":1,"4":1},"f":{"0":1},"b":{}}
,"/home/aguel/service-api/services/auth.service.ts": {"path":"/home/aguel/service-api/services/auth.service.ts","statementMap":{"0":{"start":{"line":2,"column":0},"end":{"line":2,"column":35}},"1":{"start":{"line":3,"column":30},"end":{"line":3,"column":61}},"2":{"start":{"line":4,"column":0},"end":{"line":4,"column":41}},"3":{"start":{"line":5,"column":0},"end":{"line":5,"column":41}},"4":{"start":{"line":6,"column":0},"end":{"line":6,"column":41}},"5":{"start":{"line":8,"column":35},"end":{"line":102,"column":null}},"6":{"start":{"line":17,"column":26},"end":{"line":20,"column":14}},"7":{"start":{"line":21,"column":12},"end":{"line":21,"column":null}},"8":{"start":{"line":25,"column":31},"end":{"line":25,"column":42}},"9":{"start":{"line":26,"column":33},"end":{"line":26,"column":50}},"10":{"start":{"line":27,"column":16},"end":{"line":58,"column":null}},"11":{"start":{"line":29,"column":20},"end":{"line":29,"column":null}},"12":{"start":{"line":32,"column":20},"end":{"line":32,"column":null}},"13":{"start":{"line":32,"column":46},"end":{"line":32,"column":null}},"14":{"start":{"line":33,"column":20},"end":{"line":33,"column":null}},"15":{"start":{"line":33,"column":46},"end":{"line":33,"column":null}},"16":{"start":{"line":35,"column":31},"end":{"line":35,"column":35}},"17":{"start":{"line":36,"column":20},"end":{"line":39,"column":null}},"18":{"start":{"line":36,"column":56},"end":{"line":39,"column":null}},"19":{"start":{"line":40,"column":20},"end":{"line":52,"column":null}},"20":{"start":{"line":41,"column":24},"end":{"line":44,"column":null}},"21":{"start":{"line":45,"column":24},"end":{"line":45,"column":null}},"22":{"start":{"line":46,"column":24},"end":{"line":46,"column":null}},"23":{"start":{"line":47,"column":24},"end":{"line":47,"column":null}},"24":{"start":{"line":50,"column":24},"end":{"line":50,"column":null}},"25":{"start":{"line":51,"column":24},"end":{"line":51,"column":null}},"26":{"start":{"line":55,"column":20},"end":{"line":55,"column":null}},"27":{"start":{"line":56,"column":20},"end":{"line":56,"column":null}},"28":{"start":{"line":57,"column":20},"end":{"line":57,"column":null}},"29":{"start":{"line":59,"column":16},"end":{"line":63,"column":null}},"30":{"start":{"line":60,"column":20},"end":{"line":61,"column":null}},"31":{"start":{"line":60,"column":57},"end":{"line":60,"column":null}},"32":{"start":{"line":61,"column":25},"end":{"line":61,"column":null}},"33":{"start":{"line":63,"column":21},"end":{"line":63,"column":null}},"34":{"start":{"line":64,"column":16},"end":{"line":64,"column":null}},"35":{"start":{"line":65,"column":16},"end":{"line":65,"column":null}},"36":{"start":{"line":69,"column":12},"end":{"line":69,"column":null}},"37":{"start":{"line":80,"column":16},"end":{"line":89,"column":null}},"38":{"start":{"line":81,"column":20},"end":{"line":85,"column":null}},"39":{"start":{"line":82,"column":24},"end":{"line":83,"column":null}},"40":{"start":{"line":83,"column":28},"end":{"line":83,"column":null}},"41":{"start":{"line":84,"column":24},"end":{"line":84,"column":null}},"42":{"start":{"line":88,"column":24},"end":{"line":88,"column":null}},"43":{"start":{"line":88,"column":40},"end":{"line":88,"column":null}},"44":{"start":{"line":95,"column":12},"end":{"line":98,"column":null}},"45":{"start":{"line":104,"column":0},"end":{"line":104,"column":null}}},"fnMap":{"0":{"name":"(anonymous_6)","decl":{"start":{"line":16,"column":8},"end":{"line":16,"column":13}},"loc":{"start":{"line":16,"column":17},"end":{"line":22,"column":9}}},"1":{"name":"(anonymous_7)","decl":{"start":{"line":24,"column":12},"end":{"line":24,"column":17}},"loc":{"start":{"line":24,"column":29},"end":{"line":66,"column":13}}},"2":{"name":"(anonymous_8)","decl":{"start":{"line":68,"column":8},"end":{"line":68,"column":19}},"loc":{"start":{"line":68,"column":23},"end":{"line":70,"column":9}}},"3":{"name":"(anonymous_9)","decl":{"start":{"line":79,"column":12},"end":{"line":79,"column":19}},"loc":{"start":{"line":79,"column":23},"end":{"line":90,"column":13}}},"4":{"name":"(anonymous_10)","decl":{"start":{"line":80,"column":40},"end":{"line":80,"column":41}},"loc":{"start":{"line":80,"column":60},"end":{"line":86,"column":17}}},"5":{"name":"(anonymous_11)","decl":{"start":{"line":81,"column":75},"end":{"line":81,"column":76}},"loc":{"start":{"line":81,"column":92},"end":{"line":85,"column":21}}},"6":{"name":"(anonymous_12)","decl":{"start":{"line":87,"column":26},"end":{"line":87,"column":33}},"loc":{"start":{"line":87,"column":36},"end":{"line":89,"column":21}}},"7":{"name":"(anonymous_13)","decl":{"start":{"line":94,"column":8},"end":{"line":94,"column":21}},"loc":{"start":{"line":94,"column":26},"end":{"line":99,"column":9}}}},"branchMap":{"0":{"loc":{"start":{"line":12,"column":20},"end":{"line":12,"column":42}},"type":"binary-expr","locations":[{"start":{"line":12,"column":20},"end":{"line":12,"column":42}},{"start":{"line":12,"column":46},"end":{"line":12,"column":71}}]},"1":{"loc":{"start":{"line":32,"column":20},"end":{"line":32,"column":null}},"type":"if","locations":[{"start":{"line":32,"column":20},"end":{"line":32,"column":null}},{"start":{"line":32,"column":20},"end":{"line":32,"column":null}}]},"2":{"loc":{"start":{"line":33,"column":20},"end":{"line":33,"column":null}},"type":"if","locations":[{"start":{"line":33,"column":20},"end":{"line":33,"column":null}},{"start":{"line":33,"column":20},"end":{"line":33,"column":null}}]},"3":{"loc":{"start":{"line":36,"column":20},"end":{"line":39,"column":null}},"type":"if","locations":[{"start":{"line":36,"column":20},"end":{"line":39,"column":null}},{"start":{"line":36,"column":20},"end":{"line":39,"column":null}}]},"4":{"loc":{"start":{"line":40,"column":20},"end":{"line":52,"column":null}},"type":"if","locations":[{"start":{"line":40,"column":20},"end":{"line":52,"column":null}},{"start":{"line":40,"column":20},"end":{"line":52,"column":null}}]},"5":{"loc":{"start":{"line":59,"column":16},"end":{"line":63,"column":null}},"type":"if","locations":[{"start":{"line":59,"column":16},"end":{"line":63,"column":null}},{"start":{"line":59,"column":16},"end":{"line":63,"column":null}}]},"6":{"loc":{"start":{"line":60,"column":20},"end":{"line":61,"column":null}},"type":"if","locations":[{"start":{"line":60,"column":20},"end":{"line":61,"column":null}},{"start":{"line":60,"column":20},"end":{"line":61,"column":null}}]},"7":{"loc":{"start":{"line":82,"column":24},"end":{"line":83,"column":null}},"type":"if","locations":[{"start":{"line":82,"column":24},"end":{"line":83,"column":null}},{"start":{"line":82,"column":24},"end":{"line":83,"column":null}}]},"8":{"loc":{"start":{"line":88,"column":24},"end":{"line":88,"column":null}},"type":"if","locations":[{"start":{"line":88,"column":24},"end":{"line":88,"column":null}},{"start":{"line":88,"column":24},"end":{"line":88,"column":null}}]}},"s":{"0":1,"1":1,"2":1,"3":1,"4":1,"5":1,"6":0,"7":0,"8":1,"9":1,"10":1,"11":1,"12":1,"13":0,"14":1,"15":0,"16":1,"17":1,"18":1,"19":1,"20":1,"21":1,"22":1,"23":1,"24":0,"25":0,"26":0,"27":0,"28":0,"29":0,"30":0,"31":0,"32":0,"33":0,"34":0,"35":0,"36":0,"37":0,"38":0,"39":0,"40":0,"41":0,"42":0,"43":0,"44":1,"45":1},"f":{"0":0,"1":1,"2":0,"3":0,"4":0,"5":0,"6":0,"7":1},"b":{"0":[1,1],"1":[0,1],"2":[0,1],"3":[1,0],"4":[1,0],"5":[0,0],"6":[0,0],"7":[0,0],"8":[0,0]}}
}
